{
  message: 'something went wrong',
  level: 'error',
  service: 'user-service',
  timestamp: '2024-05-03T06:03:04.251Z'
}
{
  message: 'server is running on port 3001',
  level: 'info',
  service: 'user-service',
  timestamp: '2024-05-03T06:03:04.259Z'
}
{
  message: 'something went wrong',
  level: 'error',
  service: 'user-service',
  timestamp: '2024-05-03T06:03:05.636Z'
}
{
  message: 'server is running on port 3001',
  level: 'info',
  service: 'user-service',
  timestamp: '2024-05-03T06:03:05.646Z'
}
{
  message: 'something went wrong',
  level: 'error',
  service: 'user-service',
  timestamp: '2024-05-03T06:03:22.715Z'
}
{
  message: 'server is running on port 3001',
  level: 'info',
  service: 'user-service',
  timestamp: '2024-05-03T06:03:22.725Z'
}
{
  message: 'something went wrong',
  level: 'error',
  service: 'user-service',
  timestamp: '2024-05-03T06:04:53.693Z'
}
{
  message: 'server is running on port 3001',
  level: 'info',
  service: 'user-service',
  timestamp: '2024-05-03T06:04:53.702Z'
}
{
  message: 'something went wrong',
  level: 'error',
  service: 'user-service',
  timestamp: '2024-05-03T06:05:11.268Z'
}
{
  message: 'server is running on port 3001',
  level: 'info',
  service: 'user-service',
  timestamp: '2024-05-03T06:05:11.276Z'
}
{
  message: 'something went wrong',
  level: 'error',
  service: 'user-service',
  timestamp: '2024-05-03T07:24:50.329Z'
}
{
  message: 'server is running on port 3001',
  level: 'info',
  service: 'user-service',
  timestamp: '2024-05-03T07:24:50.334Z'
}
{
  message: 'something went wrong',
  level: 'error',
  service: 'user-service',
  timestamp: '2024-05-03T07:24:55.373Z'
}
{
  message: 'server is running on port 3001',
  level: 'info',
  service: 'user-service',
  timestamp: '2024-05-03T07:24:55.378Z'
}
{
  message: 'something went wrong',
  level: 'error',
  service: 'user-service',
  timestamp: '2024-05-03T07:25:08.838Z'
}
{
  message: 'server is running on port 3001',
  level: 'info',
  service: 'user-service',
  timestamp: '2024-05-03T07:25:08.842Z'
}
{
  message: 'something went wrong',
  level: 'error',
  service: 'user-service',
  timestamp: '2024-05-03T07:25:14.683Z'
}
{
  message: 'server is running on port 3001',
  level: 'info',
  service: 'user-service',
  timestamp: '2024-05-03T07:25:14.687Z'
}
{
  message: 'something went wrong',
  level: 'error',
  service: 'user-service',
  timestamp: '2024-05-03T10:04:48.680Z'
}
{
  message: 'server is running on port 3001',
  level: 'info',
  service: 'user-service',
  timestamp: '2024-05-03T10:04:48.693Z'
}
{
  message: 'something went wrong',
  level: 'error',
  service: 'user-service',
  timestamp: '2024-05-23T08:47:37.658Z'
}
{
  message: 'server is running on port 3001',
  level: 'info',
  service: 'user-service',
  timestamp: '2024-05-23T08:47:37.668Z'
}
{
  message: 'something went wrong here',
  level: 'error',
  service: 'user-service',
  timestamp: '2024-05-23T08:49:49.683Z'
}
{
  message: 'server is running on port 3001',
  level: 'info',
  service: 'user-service',
  timestamp: '2024-05-23T08:49:49.690Z'
}
{
  message: 'something went wrong here',
  level: 'error',
  service: 'user-service',
  timestamp: '2024-05-23T08:55:16.521Z'
}
{
  message: 'server is running on port 3001',
  level: 'info',
  service: 'user-service',
  timestamp: '2024-05-23T08:55:16.526Z'
}
{
  message: 'something went wrong here',
  level: 'error',
  service: 'user-service',
  timestamp: '2024-05-23T08:58:28.360Z'
}
{
  message: 'server is running on port 3001',
  level: 'info',
  service: 'user-service',
  timestamp: '2024-05-23T08:58:28.368Z'
}
{
  message: 'something went wrong here',
  level: 'error',
  service: 'user-service',
  timestamp: '2024-05-23T08:59:26.085Z'
}
{
  message: 'server is running on port 3001',
  level: 'info',
  service: 'user-service',
  timestamp: '2024-05-23T08:59:26.091Z'
}
{
  message: 'something went wrong here',
  level: 'error',
  service: 'user-service',
  timestamp: '2024-05-23T09:01:40.246Z'
}
{
  message: 'server is running on port 3001',
  level: 'info',
  service: 'user-service',
  timestamp: '2024-05-23T09:01:40.255Z'
}
{
  message: 'something went wrong here',
  level: 'error',
  service: 'user-service',
  timestamp: '2024-05-23T09:04:42.053Z'
}
{
  message: 'server is running on port 3001',
  level: 'info',
  service: 'user-service',
  timestamp: '2024-05-23T09:04:42.059Z'
}
{
  message: 'something went wrong here',
  level: 'error',
  service: 'user-service',
  timestamp: '2024-05-23T09:12:00.854Z'
}
{
  message: 'server is running on port 3001',
  level: 'info',
  service: 'user-service',
  timestamp: '2024-05-23T09:12:00.861Z'
}
{
  message: 'something went wrong here',
  level: 'error',
  service: 'user-service',
  timestamp: '2024-05-23T09:16:20.571Z'
}
{
  message: 'server is running on port 3001',
  level: 'info',
  service: 'user-service',
  timestamp: '2024-05-23T09:16:20.581Z'
}
{
  message: 'error in registerUser {} ',
  level: 'error',
  service: 'user-service',
  timestamp: '2024-05-23T09:16:23.993Z'
}
{
  message: 'something went wrong here',
  level: 'error',
  service: 'user-service',
  timestamp: '2024-05-23T09:27:06.119Z'
}
{
  message: 'server is running on port 3001',
  level: 'info',
  service: 'user-service',
  timestamp: '2024-05-23T09:27:06.129Z'
}
{
  message: 'something went wrong here',
  level: 'error',
  service: 'user-service',
  timestamp: '2024-05-23T09:29:13.612Z'
}
{
  message: 'server is running on port 3001',
  level: 'info',
  service: 'user-service',
  timestamp: '2024-05-23T09:29:13.619Z'
}
{
  message: 'something went wrong here',
  level: 'error',
  service: 'user-service',
  timestamp: '2024-05-23T09:31:21.633Z'
}
{
  message: 'server is running on port 3001',
  level: 'info',
  service: 'user-service',
  timestamp: '2024-05-23T09:31:21.642Z'
}
{
  message: 'something went wrong here',
  level: 'error',
  service: 'user-service',
  timestamp: '2024-05-23T09:31:23.592Z'
}
{
  message: 'server is running on port 3001',
  level: 'info',
  service: 'user-service',
  timestamp: '2024-05-23T09:31:23.602Z'
}
{
  message: 'something went wrong here',
  level: 'error',
  service: 'user-service',
  timestamp: '2024-05-23T09:32:25.649Z'
}
{
  message: 'server is running on port 3001',
  level: 'info',
  service: 'user-service',
  timestamp: '2024-05-23T09:32:25.660Z'
}
{
  message: 'something went wrong here',
  level: 'error',
  service: 'user-service',
  timestamp: '2024-05-23T09:33:07.219Z'
}
{
  message: 'server is running on port 3001',
  level: 'info',
  service: 'user-service',
  timestamp: '2024-05-23T09:33:07.231Z'
}
{
  message: 'something went wrong here',
  level: 'error',
  service: 'user-service',
  timestamp: '2024-05-23T09:36:58.213Z'
}
{
  message: 'server is running on port 3001',
  level: 'info',
  service: 'user-service',
  timestamp: '2024-05-23T09:36:58.224Z'
}
