{
  message: 'something went wrong',
  level: 'error',
  service: 'user-service',
  timestamp: '2024-05-03T06:03:22.715Z'
}
{
  message: 'something went wrong',
  level: 'error',
  service: 'user-service',
  timestamp: '2024-05-03T06:04:53.693Z'
}
{
  message: 'something went wrong',
  level: 'error',
  service: 'user-service',
  timestamp: '2024-05-03T06:05:11.268Z'
}
{
  message: 'something went wrong',
  level: 'error',
  service: 'user-service',
  timestamp: '2024-05-03T07:24:50.329Z'
}
{
  message: 'something went wrong',
  level: 'error',
  service: 'user-service',
  timestamp: '2024-05-03T07:24:55.373Z'
}
{
  message: 'something went wrong',
  level: 'error',
  service: 'user-service',
  timestamp: '2024-05-03T07:25:08.838Z'
}
{
  message: 'something went wrong',
  level: 'error',
  service: 'user-service',
  timestamp: '2024-05-03T07:25:14.683Z'
}
{
  message: 'something went wrong',
  level: 'error',
  service: 'user-service',
  timestamp: '2024-05-03T10:04:48.680Z'
}
{
  message: 'something went wrong',
  level: 'error',
  service: 'user-service',
  timestamp: '2024-05-23T08:47:37.658Z'
}
{
  message: 'something went wrong here',
  level: 'error',
  service: 'user-service',
  timestamp: '2024-05-23T08:49:49.683Z'
}
{
  message: 'something went wrong here',
  level: 'error',
  service: 'user-service',
  timestamp: '2024-05-23T08:55:16.521Z'
}
{
  message: 'something went wrong here',
  level: 'error',
  service: 'user-service',
  timestamp: '2024-05-23T08:58:28.360Z'
}
{
  message: 'something went wrong here',
  level: 'error',
  service: 'user-service',
  timestamp: '2024-05-23T08:59:26.085Z'
}
{
  message: 'something went wrong here',
  level: 'error',
  service: 'user-service',
  timestamp: '2024-05-23T09:01:40.246Z'
}
{
  message: 'something went wrong here',
  level: 'error',
  service: 'user-service',
  timestamp: '2024-05-23T09:04:42.053Z'
}
{
  message: 'something went wrong here',
  level: 'error',
  service: 'user-service',
  timestamp: '2024-05-23T09:12:00.854Z'
}
{
  message: 'something went wrong here',
  level: 'error',
  service: 'user-service',
  timestamp: '2024-05-23T09:16:20.571Z'
}
{
  message: 'error in registerUser {} ',
  level: 'error',
  service: 'user-service',
  timestamp: '2024-05-23T09:16:23.993Z'
}
{
  message: 'something went wrong here',
  level: 'error',
  service: 'user-service',
  timestamp: '2024-05-23T09:27:06.119Z'
}
{
  message: 'something went wrong here',
  level: 'error',
  service: 'user-service',
  timestamp: '2024-05-23T09:29:13.612Z'
}
{
  message: 'something went wrong here',
  level: 'error',
  service: 'user-service',
  timestamp: '2024-05-23T09:31:21.633Z'
}
{
  message: 'something went wrong here',
  level: 'error',
  service: 'user-service',
  timestamp: '2024-05-23T09:31:23.592Z'
}
{
  message: 'something went wrong here',
  level: 'error',
  service: 'user-service',
  timestamp: '2024-05-23T09:32:25.649Z'
}
{
  message: 'something went wrong here',
  level: 'error',
  service: 'user-service',
  timestamp: '2024-05-23T09:33:07.219Z'
}
{
  message: 'something went wrong here',
  level: 'error',
  service: 'user-service',
  timestamp: '2024-05-23T09:36:58.213Z'
}
